[debug] [2026-06-23T09:14:31.382Z] ----------------------------------------------------------------------
[debug] [2026-06-23T09:14:31.384Z] Command:       E:\node.exe C:\Users\raffy\AppData\Roaming\npm\node_modules\firebase-tools\lib\bin\firebase.js deploy --only apphosting:ugncbbx
[debug] [2026-06-23T09:14:31.385Z] CLI Version:   15.13.0
[debug] [2026-06-23T09:14:31.385Z] Platform:      win32
[debug] [2026-06-23T09:14:31.385Z] Node Version:  v24.13.0
[debug] [2026-06-23T09:14:31.385Z] Time:          Tue Jun 23 2026 05:14:31 GMT-0400 (Eastern Daylight Time)
[debug] [2026-06-23T09:14:31.385Z] ----------------------------------------------------------------------
[debug] 
[debug] [2026-06-23T09:14:33.137Z] > command requires scopes: ["email","openid","https://www.googleapis.com/auth/cloudplatformprojects.readonly","https://www.googleapis.com/auth/firebase","https://www.googleapis.com/auth/cloud-platform"]
[debug] [2026-06-23T09:14:33.137Z] > authorizing via signed-in user (helloworldcs09@gmail.com)
[debug] [2026-06-23T09:14:33.137Z] [iam] checking project ugncbbx for permissions ["firebase.projects.get"]
[debug] [2026-06-23T09:14:33.138Z] Checked if tokens are valid: true, expires at: 1782207867989
[debug] [2026-06-23T09:14:33.138Z] Checked if tokens are valid: true, expires at: 1782207867989
[debug] [2026-06-23T09:14:33.139Z] >>> [apiv2][query] POST https://cloudresourcemanager.googleapis.com/v1/projects/ugncbbx:testIamPermissions [none]
[debug] [2026-06-23T09:14:33.139Z] >>> [apiv2][(partial)header] POST https://cloudresourcemanager.googleapis.com/v1/projects/ugncbbx:testIamPermissions  x-goog-user-project=ugncbbx
[debug] [2026-06-23T09:14:33.139Z] >>> [apiv2][body] POST https://cloudresourcemanager.googleapis.com/v1/projects/ugncbbx:testIamPermissions {"permissions":["firebase.projects.get"]}
[debug] [2026-06-23T09:14:33.345Z] <<< [apiv2][status] POST https://cloudresourcemanager.googleapis.com/v1/projects/ugncbbx:testIamPermissions 200
[debug] [2026-06-23T09:14:33.345Z] <<< [apiv2][body] POST https://cloudresourcemanager.googleapis.com/v1/projects/ugncbbx:testIamPermissions {"permissions":["firebase.projects.get"]}
[info] 
[info] === Deploying to 'ugncbbx'...
[info] 
[info] i  deploying apphosting 
[debug] [2026-06-23T09:14:33.349Z] Checked if tokens are valid: true, expires at: 1782207867989
[debug] [2026-06-23T09:14:33.349Z] Checked if tokens are valid: true, expires at: 1782207867989
[debug] [2026-06-23T09:14:33.349Z] >>> [apiv2][query] POST https://iam.googleapis.com/v1/projects/ugncbbx/serviceAccounts/firebase-app-hosting-compute@ugncbbx.iam.gserviceaccount.com:testIamPermissions [none]
[debug] [2026-06-23T09:14:33.349Z] >>> [apiv2][(partial)header] POST https://iam.googleapis.com/v1/projects/ugncbbx/serviceAccounts/firebase-app-hosting-compute@ugncbbx.iam.gserviceaccount.com:testIamPermissions  x-goog-user-project=ugncbbx
[debug] [2026-06-23T09:14:33.350Z] >>> [apiv2][body] POST https://iam.googleapis.com/v1/projects/ugncbbx/serviceAccounts/firebase-app-hosting-compute@ugncbbx.iam.gserviceaccount.com:testIamPermissions {"permissions":["iam.serviceAccounts.actAs"]}
